
> vibe-generated-app@1.0.0 dev
> vite


  VITE v5.4.20  ready in 271 ms

  ➜  Local:   http://localhost:3000/
  ➜  Network: http://172.20.17.212:3000/
10:24:26 AM [vite] Pre-transform error: Failed to resolve import "@emailjs/browser" from "src/components/AchievementsContact.jsx". Does the file exist?
10:24:28 AM [vite] Internal server error: Failed to resolve import "@emailjs/browser" from "src/components/AchievementsContact.jsx". Does the file exist?
  Plugin: vite:import-analysis
  File: /home/workspace/src/components/AchievementsContact.jsx:3:20
  2  |  import { motion } from "framer-motion";
  3  |  import { Mail, Star, Medal, Trophy, Github, Linkedin, Instagram, Music } from "lucide-react";
  4  |  import emailjs from "@emailjs/browser";
     |                       ^
  5  |  import { useRef, useState } from "react";
  6  |  export default function AchievementsContact() {
      at TransformPluginContext._formatError (file:///home/workspace/node_modules/vite/dist/node/chunks/dep-D_zLpgQd.js:49258:41)
      at TransformPluginContext.error (file:///home/workspace/node_modules/vite/dist/node/chunks/dep-D_zLpgQd.js:49253:16)
      at normalizeUrl (file:///home/workspace/node_modules/vite/dist/node/chunks/dep-D_zLpgQd.js:64306:23)
      at process.processTicksAndRejections (node:internal/process/task_queues:105:5)
      at async file:///home/workspace/node_modules/vite/dist/node/chunks/dep-D_zLpgQd.js:64438:39
      at async Promise.all (index 3)
      at async TransformPluginContext.transform (file:///home/workspace/node_modules/vite/dist/node/chunks/dep-D_zLpgQd.js:64365:7)
      at async PluginContainer.transform (file:///home/workspace/node_modules/vite/dist/node/chunks/dep-D_zLpgQd.js:49099:18)
      at async loadAndTransform (file:///home/workspace/node_modules/vite/dist/node/chunks/dep-D_zLpgQd.js:51977:27)
      at async viteTransformMiddleware (file:///home/workspace/node_modules/vite/dist/node/chunks/dep-D_zLpgQd.js:62105:24)
10:24:50 AM [vite] Internal server error: Failed to resolve import "@emailjs/browser" from "src/components/AchievementsContact.jsx". Does the file exist?
  Plugin: vite:import-analysis
  File: /home/workspace/src/components/AchievementsContact.jsx:3:20
  2  |  import { motion } from "framer-motion";
  3  |  import { Mail, Star, Medal, Trophy, Github, Linkedin, Instagram, Music } from "lucide-react";
  4  |  import emailjs from "@emailjs/browser";
     |                       ^
  5  |  import { useRef, useState } from "react";
  6  |  export default function AchievementsContact() {
      at TransformPluginContext._formatError (file:///home/workspace/node_modules/vite/dist/node/chunks/dep-D_zLpgQd.js:49258:41)
      at TransformPluginContext.error (file:///home/workspace/node_modules/vite/dist/node/chunks/dep-D_zLpgQd.js:49253:16)
      at normalizeUrl (file:///home/workspace/node_modules/vite/dist/node/chunks/dep-D_zLpgQd.js:64306:23)
      at process.processTicksAndRejections (node:internal/process/task_queues:105:5)
      at async file:///home/workspace/node_modules/vite/dist/node/chunks/dep-D_zLpgQd.js:64438:39
      at async Promise.all (index 3)
      at async TransformPluginContext.transform (file:///home/workspace/node_modules/vite/dist/node/chunks/dep-D_zLpgQd.js:64365:7)
      at async PluginContainer.transform (file:///home/workspace/node_modules/vite/dist/node/chunks/dep-D_zLpgQd.js:49099:18)
      at async loadAndTransform (file:///home/workspace/node_modules/vite/dist/node/chunks/dep-D_zLpgQd.js:51977:27)
      at async viteTransformMiddleware (file:///home/workspace/node_modules/vite/dist/node/chunks/dep-D_zLpgQd.js:62105:24)
